<?xml version="1.0" encoding="utf-8"?><testsuites name="pytest tests"><testsuite name="pytest" errors="0" failures="0" skipped="0" tests="9" time="4.170" timestamp="2026-04-29T17:13:40.926005+00:00" hostname="agent-env-5cd89d93-a653-4365-9b45-7cba602c3f4f"><testcase classname="backend.tests.test_persona_chat" name="test_root" time="0.342" /><testcase classname="backend.tests.test_persona_chat" name="test_list_personas" time="0.068" /><testcase classname="backend.tests.test_persona_chat" name="test_chat_persona_returns_reply[anshuman]" time="0.467" /><testcase classname="backend.tests.test_persona_chat" name="test_chat_persona_returns_reply[abhimanyu]" time="0.538" /><testcase classname="backend.tests.test_persona_chat" name="test_chat_persona_returns_reply[kshitij]" time="0.462" /><testcase classname="backend.tests.test_persona_chat" name="test_chat_personas_differ" time="1.592" /><testcase classname="backend.tests.test_persona_chat" name="test_chat_invalid_persona" time="0.054" /><testcase classname="backend.tests.test_persona_chat" name="test_chat_empty_message" time="0.058" /><testcase classname="backend.tests.test_persona_chat" name="test_chat_with_history" time="0.383" /></testsuite></testsuites>